This is pdfTeX, Version 3.1415926-1.40.10 (TeX Live 2009/Debian) (format=pdflatex 2012.3.20)  21 NOV 2012 00:11
entering extended mode
 %&-line parsing enabled.
**dedicatoria.tex
(./dedicatoria.tex
LaTeX2e <2009/09/24>
Babel <v3.8l> and hyphenation patterns for english, usenglishmax, dumylang, noh
yphenation, portuguese, loaded.

! LaTeX Error: Missing \begin{document}.

See the LaTeX manual or LaTeX Companion for explanation.
Type  H <return>  for immediate help.
 ...                                              
                                                  
l.1 \
     
You're in trouble here.  Try typing  <return>  to proceed.
If that doesn't work, type  X <return>  to quit.


Overfull \hbox (20.0pt too wide) in paragraph at lines 1--2
[] 
 []


! LaTeX Error: Missing \begin{document}.

See the LaTeX manual or LaTeX Companion for explanation.
Type  H <return>  for immediate help.
 ...                                              
                                                  
l.4 \begin{flushright}
                      
You're in trouble here.  Try typing  <return>  to proceed.
If that doesn't work, type  X <return>  to quit.


Overfull \hbox (20.0pt too wide) in paragraph at lines 4--4
[] 
 []

Missing character: There is no Ã in font cmti10!
Missing character: There is no £ in font cmti10!
Missing character: There is no Ã in font cmti10!
Missing character: There is no § in font cmti10!
Missing character: There is no Ã in font cmti10!
Missing character: There is no £ in font cmti10!
Missing character: There is no Ã in font cmti10!
Missing character: There is no ¡ in font cmti10!

Overfull \hbox (7.43329pt too wide) in paragraph at lines 5--6
 \OT1/cmr/m/it/10 A
 []


Overfull \hbox (27.08875pt too wide) in paragraph at lines 5--6
 \OT1/cmr/m/it/10 minha
 []


Overfull \hbox (15.84435pt too wide) in paragraph at lines 5--6
 \OT1/cmr/m/it/10 me,
 []


Overfull \hbox (16.86655pt too wide) in paragraph at lines 5--6
 \OT1/cmr/m/it/10 pelo
 []


Overfull \hbox (22.61653pt too wide) in paragraph at lines 5--6
 \OT1/cmr/m/it/10 amor
 []


Overfull \hbox (12.26659pt too wide) in paragraph at lines 5--6
 \OT1/cmr/m/it/10 in-
 []


Overfull \hbox (26.57759pt too wide) in paragraph at lines 5--6
 \OT1/cmr/m/it/10 condi-
 []


Overfull \hbox (26.06651pt too wide) in paragraph at lines 5--6
 \OT1/cmr/m/it/10 cional
 []


Overfull \hbox (4.59996pt too wide) in paragraph at lines 5--6
 \OT1/cmr/m/it/10 e
 []


Overfull \hbox (16.86656pt too wide) in paragraph at lines 5--6
 \OT1/cmr/m/it/10 mo-
 []


Overfull \hbox (9.96658pt too wide) in paragraph at lines 5--6
 \OT1/cmr/m/it/10 ti-
 []


Overfull \hbox (14.82213pt too wide) in paragraph at lines 5--6
 \OT1/cmr/m/it/10 vao
 []


Overfull \hbox (23.63875pt too wide) in paragraph at lines 5--6
 \OT1/cmr/m/it/10 diria.
 []


! LaTeX Error: The font size command \normalsize is not defined:
               there is probably something wrong with the class file.

See the LaTeX manual or LaTeX Companion for explanation.
Type  H <return>  for immediate help.
 ...                                              
                                                  
l.10 \clearpage
               
Your command was ignored.
Type  I <command> <return>  to replace it with another command,
or  <return>  to continue without it.

[1{/var/lib/texmf/fonts/map/pdftex/updmap/pdftex.map}])
! Emergency stop.
<*> dedicatoria.tex
                   
*** (job aborted, no legal \end found)

 
Here is how much of TeX's memory you used:
 10 strings out of 495041
 199 string characters out of 1181897
 45131 words of memory out of 3000000
 3290 multiletter control sequences out of 15000+50000
 3986 words of font info for 15 fonts, out of 3000000 for 9000
 30 hyphenation exceptions out of 8191
 20i,4n,14p,110b,111s stack positions out of 5000i,500n,10000p,200000b,50000s
!  ==> Fatal error occurred, no output PDF file produced!
